<?xml version="1.0" encoding="utf-8"?>
<testsuites><testsuite name="django.contrib.contenttypes.tests.ContentTypesTests"><testcase classname="django.contrib.contenttypes.tests.ContentTypesTests" name="test_get_for_concrete_model" time="0.004378"></testcase><testcase classname="django.contrib.contenttypes.tests.ContentTypesTests" name="test_get_for_concrete_models" time="0.004216"></testcase><testcase classname="django.contrib.contenttypes.tests.ContentTypesTests" name="test_get_for_models_empty_cache" time="0.001105"></testcase><testcase classname="django.contrib.contenttypes.tests.ContentTypesTests" name="test_get_for_models_full_cache" time="0.001239"></testcase><testcase classname="django.contrib.contenttypes.tests.ContentTypesTests" name="test_get_for_models_partial_cache" time="0.001348"></testcase><testcase classname="django.contrib.contenttypes.tests.ContentTypesTests" name="test_lookup_cache" time="0.002011"></testcase><testcase classname="django.contrib.contenttypes.tests.ContentTypesTests" name="test_missing_model" time="0.000869"></testcase><testcase classname="django.contrib.contenttypes.tests.ContentTypesTests" name="test_shortcut_view" time="0.003449"></testcase><testcase classname="django.contrib.contenttypes.tests.ContentTypesTests" name="test_shortcut_view_with_broken_get_absolute_url" time="0.002320"></testcase><testcase classname="django.contrib.contenttypes.tests.ContentTypesTests" name="test_shortcut_view_without_get_absolute_url" time="0.001904"></testcase></testsuite><testsuite name="django.contrib.sessions.tests.CacheDBSessionTests"><testcase classname="django.contrib.sessions.tests.CacheDBSessionTests" name="test_actual_expiry" time="0.006397"></testcase><testcase classname="django.contrib.sessions.tests.CacheDBSessionTests" name="test_clear" time="0.000112"></testcase><testcase classname="django.contrib.sessions.tests.CacheDBSessionTests" name="test_custom_expiry_datetime" time="0.000110"></testcase><testcase classname="django.contrib.sessions.tests.CacheDBSessionTests" name="test_custom_expiry_reset" time="0.000099"></testcase><testcase classname="django.contrib.sessions.tests.CacheDBSessionTests" name="test_custom_expiry_seconds" time="0.000105"></testcase><testcase classname="django.contrib.sessions.tests.CacheDBSessionTests" name="test_custom_expiry_timedelta" time="0.000101"></testcase><testcase classname="django.contrib.sessions.tests.CacheDBSessionTests" name="test_cycle" time="0.004445"></testcase><testcase classname="django.contrib.sessions.tests.CacheDBSessionTests" name="test_decode" time="0.000293"></testcase><testcase classname="django.contrib.sessions.tests.CacheDBSessionTests" name="test_decode_failure_logged_to_security" time="0.000232"></testcase><testcase classname="django.contrib.sessions.tests.CacheDBSessionTests" name="test_default_expiry" time="0.000176"></testcase><testcase classname="django.contrib.sessions.tests.CacheDBSessionTests" name="test_delete" time="0.004968"></testcase><testcase classname="django.contrib.sessions.tests.CacheDBSessionTests" name="test_exists_searches_cache_first" time="0.004328"></testcase><testcase classname="django.contrib.sessions.tests.CacheDBSessionTests" name="test_flush" time="0.004883"></testcase><testcase classname="django.contrib.sessions.tests.CacheDBSessionTests" name="test_get_empty" time="0.000084"></testcase><testcase classname="django.contrib.sessions.tests.CacheDBSessionTests" name="test_get_expire_at_browser_close" time="0.000261"></testcase><testcase classname="django.contrib.sessions.tests.CacheDBSessionTests" name="test_has_key" time="0.000069"></testcase><testcase classname="django.contrib.sessions.tests.CacheDBSessionTests" name="test_invalid_key" time="0.004021"></testcase><testcase classname="django.contrib.sessions.tests.CacheDBSessionTests" name="test_iteritems" time="0.000114"></testcase><testcase classname="django.contrib.sessions.tests.CacheDBSessionTests" name="test_iterkeys" time="0.000091"></testcase><testcase classname="django.contrib.sessions.tests.CacheDBSessionTests" name="test_itervalues" time="0.000088"></testcase><testcase classname="django.contrib.sessions.tests.CacheDBSessionTests" name="test_load_overlong_key" time="0.002920"></testcase><testcase classname="django.contrib.sessions.tests.CacheDBSessionTests" name="test_new_session" time="0.000095"></testcase><testcase classname="django.contrib.sessions.tests.CacheDBSessionTests" name="test_pop" time="0.000085"></testcase><testcase classname="django.contrib.sessions.tests.CacheDBSessionTests" name="test_pop_default" time="0.000069"></testcase><testcase classname="django.contrib.sessions.tests.CacheDBSessionTests" name="test_save" time="0.004416"></testcase><testcase classname="django.contrib.sessions.tests.CacheDBSessionTests" name="test_session_key_is_read_only" time="0.000748"></testcase><testcase classname="django.contrib.sessions.tests.CacheDBSessionTests" name="test_setdefault" time="0.000084"></testcase><testcase classname="django.contrib.sessions.tests.CacheDBSessionTests" name="test_store" time="0.000069"></testcase><testcase classname="django.contrib.sessions.tests.CacheDBSessionTests" name="test_update" time="0.000071"></testcase><testcase classname="django.contrib.sessions.tests.CacheDBSessionTests" name="test_values" time="0.000086"></testcase></testsuite><testsuite name="django.contrib.sessions.tests.CacheDBSessionWithTimeZoneTests"><testcase classname="django.contrib.sessions.tests.CacheDBSessionWithTimeZoneTests" name="test_actual_expiry" time="0.005181"></testcase><testcase classname="django.contrib.sessions.tests.CacheDBSessionWithTimeZoneTests" name="test_clear" time="0.000102"></testcase><testcase classname="django.contrib.sessions.tests.CacheDBSessionWithTimeZoneTests" name="test_custom_expiry_datetime" time="0.000105"></testcase><testcase classname="django.contrib.sessions.tests.CacheDBSessionWithTimeZoneTests" name="test_custom_expiry_reset" time="0.000101"></testcase><testcase classname="django.contrib.sessions.tests.CacheDBSessionWithTimeZoneTests" name="test_custom_expiry_seconds" time="0.000096"></testcase><testcase classname="django.contrib.sessions.tests.CacheDBSessionWithTimeZoneTests" name="test_custom_expiry_timedelta" time="0.000101"></testcase><testcase classname="django.contrib.sessions.tests.CacheDBSessionWithTimeZoneTests" name="test_cycle" time="0.004165"></testcase><testcase classname="django.contrib.sessions.tests.CacheDBSessionWithTimeZoneTests" name="test_decode" time="0.000298"></testcase><testcase classname="django.contrib.sessions.tests.CacheDBSessionWithTimeZoneTests" name="test_decode_failure_logged_to_security" time="0.000176"></testcase><testcase classname="django.contrib.sessions.tests.CacheDBSessionWithTimeZoneTests" name="test_default_expiry" time="0.000120"></testcase><testcase classname="django.contrib.sessions.tests.CacheDBSessionWithTimeZoneTests" name="test_delete" time="0.005017"></testcase><testcase classname="django.contrib.sessions.tests.CacheDBSessionWithTimeZoneTests" name="test_exists_searches_cache_first" time="0.004100"></testcase><testcase classname="django.contrib.sessions.tests.CacheDBSessionWithTimeZoneTests" name="test_flush" time="0.004546"></testcase><testcase classname="django.contrib.sessions.tests.CacheDBSessionWithTimeZoneTests" name="test_get_empty" time="0.000084"></testcase><testcase classname="django.contrib.sessions.tests.CacheDBSessionWithTimeZoneTests" name="test_get_expire_at_browser_close" time="0.000260"></testcase><testcase classname="django.contrib.sessions.tests.CacheDBSessionWithTimeZoneTests" name="test_has_key" time="0.000072"></testcase><testcase classname="django.contrib.sessions.tests.CacheDBSessionWithTimeZoneTests" name="test_invalid_key" time="0.004076"></testcase><testcase classname="django.contrib.sessions.tests.CacheDBSessionWithTimeZoneTests" name="test_iteritems" time="0.000113"></testcase><testcase classname="django.contrib.sessions.tests.CacheDBSessionWithTimeZoneTests" name="test_iterkeys" time="0.000086"></testcase><testcase classname="django.contrib.sessions.tests.CacheDBSessionWithTimeZoneTests" name="test_itervalues" time="0.000083"></testcase><testcase classname="django.contrib.sessions.tests.CacheDBSessionWithTimeZoneTests" name="test_load_overlong_key" time="0.003048"></testcase><testcase classname="django.contrib.sessions.tests.CacheDBSessionWithTimeZoneTests" name="test_new_session" time="0.000067"></testcase><testcase classname="django.contrib.sessions.tests.CacheDBSessionWithTimeZoneTests" name="test_pop" time="0.000083"></testcase><testcase classname="django.contrib.sessions.tests.CacheDBSessionWithTimeZoneTests" name="test_pop_default" time="0.000070"></testcase><testcase classname="django.contrib.sessions.tests.CacheDBSessionWithTimeZoneTests" name="test_save" time="0.003996"></testcase><testcase classname="django.contrib.sessions.tests.CacheDBSessionWithTimeZoneTests" name="test_session_key_is_read_only" time="0.000680"></testcase><testcase classname="django.contrib.sessions.tests.CacheDBSessionWithTimeZoneTests" name="test_setdefault" time="0.000098"></testcase><testcase classname="django.contrib.sessions.tests.CacheDBSessionWithTimeZoneTests" name="test_store" time="0.000074"></testcase><testcase classname="django.contrib.sessions.tests.CacheDBSessionWithTimeZoneTests" name="test_update" time="0.000072"></testcase><testcase classname="django.contrib.sessions.tests.CacheDBSessionWithTimeZoneTests" name="test_values" time="0.000087"></testcase></testsuite><testsuite name="django.contrib.sessions.tests.CookieSessionTests"><testcase classname="django.contrib.sessions.tests.CookieSessionTests" name="test_actual_expiry" time="0.000815"></testcase><testcase classname="django.contrib.sessions.tests.CookieSessionTests" name="test_clear" time="0.000090"></testcase><testcase classname="django.contrib.sessions.tests.CookieSessionTests" name="test_custom_expiry_datetime" time="0.000107"></testcase><testcase classname="django.contrib.sessions.tests.CookieSessionTests" name="test_custom_expiry_reset" time="0.000094"></testcase><testcase classname="django.contrib.sessions.tests.CookieSessionTests" name="test_custom_expiry_seconds" time="0.000093"></testcase><testcase classname="django.contrib.sessions.tests.CookieSessionTests" name="test_custom_expiry_timedelta" time="0.000096"></testcase><testcase classname="django.contrib.sessions.tests.CookieSessionTests" name="test_cycle" time="0.000049"></testcase><testcase classname="django.contrib.sessions.tests.CookieSessionTests" name="test_decode" time="0.000198"></testcase><testcase classname="django.contrib.sessions.tests.CookieSessionTests" name="test_decode_failure_logged_to_security" time="0.000155"></testcase><testcase classname="django.contrib.sessions.tests.CookieSessionTests" name="test_default_expiry" time="0.000108"></testcase><testcase classname="django.contrib.sessions.tests.CookieSessionTests" name="test_delete" time="0.000197"></testcase><testcase classname="django.contrib.sessions.tests.CookieSessionTests" name="test_flush" time="0.000179"></testcase><testcase classname="django.contrib.sessions.tests.CookieSessionTests" name="test_get_empty" time="0.000064"></testcase><testcase classname="django.contrib.sessions.tests.CookieSessionTests" name="test_get_expire_at_browser_close" time="0.000251"></testcase><testcase classname="django.contrib.sessions.tests.CookieSessionTests" name="test_has_key" time="0.000065"></testcase><testcase classname="django.contrib.sessions.tests.CookieSessionTests" name="test_invalid_key" time="0.000316"></testcase><testcase classname="django.contrib.sessions.tests.CookieSessionTests" name="test_iteritems" time="0.000082"></testcase><testcase classname="django.contrib.sessions.tests.CookieSessionTests" name="test_iterkeys" time="0.000077"></testcase><testcase classname="django.contrib.sessions.tests.CookieSessionTests" name="test_itervalues" time="0.000077"></testcase><testcase classname="django.contrib.sessions.tests.CookieSessionTests" name="test_new_session" time="0.000084"></testcase><testcase classname="django.contrib.sessions.tests.CookieSessionTests" name="test_pop" time="0.000076"></testcase><testcase classname="django.contrib.sessions.tests.CookieSessionTests" name="test_pop_default" time="0.000065"></testcase><testcase classname="django.contrib.sessions.tests.CookieSessionTests" name="test_save" time="0.000049"></testcase><testcase classname="django.contrib.sessions.tests.CookieSessionTests" name="test_session_key_is_read_only" time="0.000268"></testcase><testcase classname="django.contrib.sessions.tests.CookieSessionTests" name="test_setdefault" time="0.000073"></testcase><testcase classname="django.contrib.sessions.tests.CookieSessionTests" name="test_store" time="0.000075"></testcase><testcase classname="django.contrib.sessions.tests.CookieSessionTests" name="test_update" time="0.000068"></testcase><testcase classname="django.contrib.sessions.tests.CookieSessionTests" name="test_values" time="0.000078"></testcase></testsuite><testsuite name="django.contrib.sessions.tests.DatabaseSessionTests"><testcase classname="django.contrib.sessions.tests.DatabaseSessionTests" name="test_actual_expiry" time="0.004713"></testcase><testcase classname="django.contrib.sessions.tests.DatabaseSessionTests" name="test_clear" time="0.000115"></testcase><testcase classname="django.contrib.sessions.tests.DatabaseSessionTests" name="test_clearsessions_command" time="0.007189"></testcase><testcase classname="django.contrib.sessions.tests.DatabaseSessionTests" name="test_custom_expiry_datetime" time="0.000121"></testcase><testcase classname="django.contrib.sessions.tests.DatabaseSessionTests" name="test_custom_expiry_reset" time="0.000095"></testcase><testcase classname="django.contrib.sessions.tests.DatabaseSessionTests" name="test_custom_expiry_seconds" time="0.000093"></testcase><testcase classname="django.contrib.sessions.tests.DatabaseSessionTests" name="test_custom_expiry_timedelta" time="0.000095"></testcase><testcase classname="django.contrib.sessions.tests.DatabaseSessionTests" name="test_cycle" time="0.003888"></testcase><testcase classname="django.contrib.sessions.tests.DatabaseSessionTests" name="test_decode" time="0.000272"></testcase><testcase classname="django.contrib.sessions.tests.DatabaseSessionTests" name="test_decode_failure_logged_to_security" time="0.000168"></testcase><testcase classname="django.contrib.sessions.tests.DatabaseSessionTests" name="test_default_expiry" time="0.000111"></testcase><testcase classname="django.contrib.sessions.tests.DatabaseSessionTests" name="test_delete" time="0.004987"></testcase><testcase classname="django.contrib.sessions.tests.DatabaseSessionTests" name="test_flush" time="0.004072"></testcase><testcase classname="django.contrib.sessions.tests.DatabaseSessionTests" name="test_get_empty" time="0.000076"></testcase><testcase classname="django.contrib.sessions.tests.DatabaseSessionTests" name="test_get_expire_at_browser_close" time="0.000277"></testcase><testcase classname="django.contrib.sessions.tests.DatabaseSessionTests" name="test_has_key" time="0.000070"></testcase><testcase classname="django.contrib.sessions.tests.DatabaseSessionTests" name="test_invalid_key" time="0.003793"></testcase><testcase classname="django.contrib.sessions.tests.DatabaseSessionTests" name="test_iteritems" time="0.000089"></testcase><testcase classname="django.contrib.sessions.tests.DatabaseSessionTests" name="test_iterkeys" time="0.000077"></testcase><testcase classname="django.contrib.sessions.tests.DatabaseSessionTests" name="test_itervalues" time="0.000077"></testcase><testcase classname="django.contrib.sessions.tests.DatabaseSessionTests" name="test_new_session" time="0.000050"></testcase><testcase classname="django.contrib.sessions.tests.DatabaseSessionTests" name="test_pop" time="0.000071"></testcase><testcase classname="django.contrib.sessions.tests.DatabaseSessionTests" name="test_pop_default" time="0.000062"></testcase><testcase classname="django.contrib.sessions.tests.DatabaseSessionTests" name="test_save" time="0.003975"></testcase><testcase classname="django.contrib.sessions.tests.DatabaseSessionTests" name="test_session_get_decoded" time="0.002754"></testcase><testcase classname="django.contrib.sessions.tests.DatabaseSessionTests" name="test_session_key_is_read_only" time="0.000616"></testcase><testcase classname="django.contrib.sessions.tests.DatabaseSessionTests" name="test_sessionmanager_save" time="0.003883"></testcase><testcase classname="django.contrib.sessions.tests.DatabaseSessionTests" name="test_setdefault" time="0.000140"></testcase><testcase classname="django.contrib.sessions.tests.DatabaseSessionTests" name="test_store" time="0.000070"></testcase><testcase classname="django.contrib.sessions.tests.DatabaseSessionTests" name="test_update" time="0.000068"></testcase><testcase classname="django.contrib.sessions.tests.DatabaseSessionTests" name="test_values" time="0.000077"></testcase></testsuite><testsuite name="django.contrib.sessions.tests.DatabaseSessionWithTimeZoneTests"><testcase classname="django.contrib.sessions.tests.DatabaseSessionWithTimeZoneTests" name="test_actual_expiry" time="0.004648"></testcase><testcase classname="django.contrib.sessions.tests.DatabaseSessionWithTimeZoneTests" name="test_clear" time="0.000100"></testcase><testcase classname="django.contrib.sessions.tests.DatabaseSessionWithTimeZoneTests" name="test_clearsessions_command" time="0.005577"></testcase><testcase classname="django.contrib.sessions.tests.DatabaseSessionWithTimeZoneTests" name="test_custom_expiry_datetime" time="0.000148"></testcase><testcase classname="django.contrib.sessions.tests.DatabaseSessionWithTimeZoneTests" name="test_custom_expiry_reset" time="0.000107"></testcase><testcase classname="django.contrib.sessions.tests.DatabaseSessionWithTimeZoneTests" name="test_custom_expiry_seconds" time="0.000096"></testcase><testcase classname="django.contrib.sessions.tests.DatabaseSessionWithTimeZoneTests" name="test_custom_expiry_timedelta" time="0.000099"></testcase><testcase classname="django.contrib.sessions.tests.DatabaseSessionWithTimeZoneTests" name="test_cycle" time="0.003758"></testcase><testcase classname="django.contrib.sessions.tests.DatabaseSessionWithTimeZoneTests" name="test_decode" time="0.000212"></testcase><testcase classname="django.contrib.sessions.tests.DatabaseSessionWithTimeZoneTests" name="test_decode_failure_logged_to_security" time="0.000161"></testcase><testcase classname="django.contrib.sessions.tests.DatabaseSessionWithTimeZoneTests" name="test_default_expiry" time="0.000112"></testcase><testcase classname="django.contrib.sessions.tests.DatabaseSessionWithTimeZoneTests" name="test_delete" time="0.004265"></testcase><testcase classname="django.contrib.sessions.tests.DatabaseSessionWithTimeZoneTests" name="test_flush" time="0.004012"></testcase><testcase classname="django.contrib.sessions.tests.DatabaseSessionWithTimeZoneTests" name="test_get_empty" time="0.000080"></testcase><testcase classname="django.contrib.sessions.tests.DatabaseSessionWithTimeZoneTests" name="test_get_expire_at_browser_close" time="0.000233"></testcase><testcase classname="django.contrib.sessions.tests.DatabaseSessionWithTimeZoneTests" name="test_has_key" time="0.000069"></testcase><testcase classname="django.contrib.sessions.tests.DatabaseSessionWithTimeZoneTests" name="test_invalid_key" time="0.003673"></testcase><testcase classname="django.contrib.sessions.tests.DatabaseSessionWithTimeZoneTests" name="test_iteritems" time="0.000116"></testcase><testcase classname="django.contrib.sessions.tests.DatabaseSessionWithTimeZoneTests" name="test_iterkeys" time="0.000081"></testcase><testcase classname="django.contrib.sessions.tests.DatabaseSessionWithTimeZoneTests" name="test_itervalues" time="0.000079"></testcase><testcase classname="django.contrib.sessions.tests.DatabaseSessionWithTimeZoneTests" name="test_new_session" time="0.000057"></testcase><testcase classname="django.contrib.sessions.tests.DatabaseSessionWithTimeZoneTests" name="test_pop" time="0.000077"></testcase><testcase classname="django.contrib.sessions.tests.DatabaseSessionWithTimeZoneTests" name="test_pop_default" time="0.000066"></testcase><testcase classname="django.contrib.sessions.tests.DatabaseSessionWithTimeZoneTests" name="test_save" time="0.003944"></testcase><testcase classname="django.contrib.sessions.tests.DatabaseSessionWithTimeZoneTests" name="test_session_get_decoded" time="0.002529"></testcase><testcase classname="django.contrib.sessions.tests.DatabaseSessionWithTimeZoneTests" name="test_session_key_is_read_only" time="0.000673"></testcase><testcase classname="django.contrib.sessions.tests.DatabaseSessionWithTimeZoneTests" name="test_sessionmanager_save" time="0.003642"></testcase><testcase classname="django.contrib.sessions.tests.DatabaseSessionWithTimeZoneTests" name="test_setdefault" time="0.000082"></testcase><testcase classname="django.contrib.sessions.tests.DatabaseSessionWithTimeZoneTests" name="test_store" time="0.000069"></testcase><testcase classname="django.contrib.sessions.tests.DatabaseSessionWithTimeZoneTests" name="test_update" time="0.000070"></testcase><testcase classname="django.contrib.sessions.tests.DatabaseSessionWithTimeZoneTests" name="test_values" time="0.000080"></testcase></testsuite><testsuite name="django_jenkins.tests.SanityCheckTest"><testcase classname="django_jenkins.tests.SanityCheckTest" name="test_is_ok" time="0.000037"></testcase></testsuite><testsuite name="django.contrib.sessions.tests.CacheSessionTests"><testcase classname="django.contrib.sessions.tests.CacheSessionTests" name="test_actual_expiry" time="0.001344"></testcase><testcase classname="django.contrib.sessions.tests.CacheSessionTests" name="test_clear" time="0.000183"></testcase><testcase classname="django.contrib.sessions.tests.CacheSessionTests" name="test_custom_expiry_datetime" time="0.000268"></testcase><testcase classname="django.contrib.sessions.tests.CacheSessionTests" name="test_custom_expiry_reset" time="0.000184"></testcase><testcase classname="django.contrib.sessions.tests.CacheSessionTests" name="test_custom_expiry_seconds" time="0.000196"></testcase><testcase classname="django.contrib.sessions.tests.CacheSessionTests" name="test_custom_expiry_timedelta" time="0.000189"></testcase><testcase classname="django.contrib.sessions.tests.CacheSessionTests" name="test_cycle" time="0.000837"></testcase><testcase classname="django.contrib.sessions.tests.CacheSessionTests" name="test_decode" time="0.000331"></testcase><testcase classname="django.contrib.sessions.tests.CacheSessionTests" name="test_decode_failure_logged_to_security" time="0.000244"></testcase><testcase classname="django.contrib.sessions.tests.CacheSessionTests" name="test_default_cache" time="0.001006"></testcase><testcase classname="django.contrib.sessions.tests.CacheSessionTests" name="test_default_expiry" time="0.000194"></testcase><testcase classname="django.contrib.sessions.tests.CacheSessionTests" name="test_delete" time="0.000934"></testcase><testcase classname="django.contrib.sessions.tests.CacheSessionTests" name="test_flush" time="0.000849"></testcase><testcase classname="django.contrib.sessions.tests.CacheSessionTests" name="test_get_empty" time="0.000155"></testcase><testcase classname="django.contrib.sessions.tests.CacheSessionTests" name="test_get_expire_at_browser_close" time="0.000346"></testcase><testcase classname="django.contrib.sessions.tests.CacheSessionTests" name="test_has_key" time="0.000155"></testcase><testcase classname="django.contrib.sessions.tests.CacheSessionTests" name="test_invalid_key" time="0.000784"></testcase><testcase classname="django.contrib.sessions.tests.CacheSessionTests" name="test_iteritems" time="0.000181"></testcase><testcase classname="django.contrib.sessions.tests.CacheSessionTests" name="test_iterkeys" time="0.000172"></testcase><testcase classname="django.contrib.sessions.tests.CacheSessionTests" name="test_itervalues" time="0.000171"></testcase><testcase classname="django.contrib.sessions.tests.CacheSessionTests" name="test_load_overlong_key" time="0.000856"></testcase><testcase classname="django.contrib.sessions.tests.CacheSessionTests" name="test_new_session" time="0.000147"></testcase><testcase classname="django.contrib.sessions.tests.CacheSessionTests" name="test_non_default_cache" time="0.001622"></testcase><testcase classname="django.contrib.sessions.tests.CacheSessionTests" name="test_pop" time="0.000166"></testcase><testcase classname="django.contrib.sessions.tests.CacheSessionTests" name="test_pop_default" time="0.000154"></testcase><testcase classname="django.contrib.sessions.tests.CacheSessionTests" name="test_save" time="0.000861"></testcase><testcase classname="django.contrib.sessions.tests.CacheSessionTests" name="test_session_key_is_read_only" time="0.000367"></testcase><testcase classname="django.contrib.sessions.tests.CacheSessionTests" name="test_setdefault" time="0.000170"></testcase><testcase classname="django.contrib.sessions.tests.CacheSessionTests" name="test_store" time="0.000160"></testcase><testcase classname="django.contrib.sessions.tests.CacheSessionTests" name="test_update" time="0.000150"></testcase><testcase classname="django.contrib.sessions.tests.CacheSessionTests" name="test_values" time="0.000165"></testcase></testsuite><testsuite name="django.contrib.sessions.tests.FileSessionTests"><testcase classname="django.contrib.sessions.tests.FileSessionTests" name="test_actual_expiry" time="0.013962"></testcase><testcase classname="django.contrib.sessions.tests.FileSessionTests" name="test_clear" time="0.000312"></testcase><testcase classname="django.contrib.sessions.tests.FileSessionTests" name="test_clearsessions_command" time="0.003088"></testcase><testcase classname="django.contrib.sessions.tests.FileSessionTests" name="test_configuration_check" time="0.000291"></testcase><testcase classname="django.contrib.sessions.tests.FileSessionTests" name="test_custom_expiry_datetime" time="0.000234"></testcase><testcase classname="django.contrib.sessions.tests.FileSessionTests" name="test_custom_expiry_reset" time="0.000201"></testcase><testcase classname="django.contrib.sessions.tests.FileSessionTests" name="test_custom_expiry_seconds" time="0.000198"></testcase><testcase classname="django.contrib.sessions.tests.FileSessionTests" name="test_custom_expiry_timedelta" time="0.000203"></testcase><testcase classname="django.contrib.sessions.tests.FileSessionTests" name="test_cycle" time="0.001398"></testcase><testcase classname="django.contrib.sessions.tests.FileSessionTests" name="test_decode" time="0.000331"></testcase><testcase classname="django.contrib.sessions.tests.FileSessionTests" name="test_decode_failure_logged_to_security" time="0.000281"></testcase><testcase classname="django.contrib.sessions.tests.FileSessionTests" name="test_default_expiry" time="0.000218"></testcase><testcase classname="django.contrib.sessions.tests.FileSessionTests" name="test_delete" time="0.001006"></testcase><testcase classname="django.contrib.sessions.tests.FileSessionTests" name="test_flush" time="0.003054"></testcase><testcase classname="django.contrib.sessions.tests.FileSessionTests" name="test_get_empty" time="0.000186"></testcase><testcase classname="django.contrib.sessions.tests.FileSessionTests" name="test_get_expire_at_browser_close" time="0.000368"></testcase><testcase classname="django.contrib.sessions.tests.FileSessionTests" name="test_has_key" time="0.000178"></testcase><testcase classname="django.contrib.sessions.tests.FileSessionTests" name="test_invalid_key" time="0.001541"></testcase><testcase classname="django.contrib.sessions.tests.FileSessionTests" name="test_invalid_key_backslash" time="0.000187"></testcase><testcase classname="django.contrib.sessions.tests.FileSessionTests" name="test_invalid_key_forwardslash" time="0.000189"></testcase><testcase classname="django.contrib.sessions.tests.FileSessionTests" name="test_iteritems" time="0.000193"></testcase><testcase classname="django.contrib.sessions.tests.FileSessionTests" name="test_iterkeys" time="0.000216"></testcase><testcase classname="django.contrib.sessions.tests.FileSessionTests" name="test_itervalues" time="0.000212"></testcase><testcase classname="django.contrib.sessions.tests.FileSessionTests" name="test_new_session" time="0.000151"></testcase><testcase classname="django.contrib.sessions.tests.FileSessionTests" name="test_pop" time="0.000167"></testcase><testcase classname="django.contrib.sessions.tests.FileSessionTests" name="test_pop_default" time="0.000165"></testcase><testcase classname="django.contrib.sessions.tests.FileSessionTests" name="test_save" time="0.000709"></testcase><testcase classname="django.contrib.sessions.tests.FileSessionTests" name="test_session_key_is_read_only" time="0.000370"></testcase><testcase classname="django.contrib.sessions.tests.FileSessionTests" name="test_setdefault" time="0.000172"></testcase><testcase classname="django.contrib.sessions.tests.FileSessionTests" name="test_store" time="0.000165"></testcase><testcase classname="django.contrib.sessions.tests.FileSessionTests" name="test_update" time="0.000181"></testcase><testcase classname="django.contrib.sessions.tests.FileSessionTests" name="test_values" time="0.000180"></testcase></testsuite><testsuite name="django.contrib.sessions.tests.SessionMiddlewareTests"><testcase classname="django.contrib.sessions.tests.SessionMiddlewareTests" name="test_httponly_session_cookie" time="0.002423"></testcase><testcase classname="django.contrib.sessions.tests.SessionMiddlewareTests" name="test_no_httponly_session_cookie" time="0.001755"></testcase><testcase classname="django.contrib.sessions.tests.SessionMiddlewareTests" name="test_secure_session_cookie" time="0.001674"></testcase><testcase classname="django.contrib.sessions.tests.SessionMiddlewareTests" name="test_session_save_on_500" time="0.001878"></testcase></testsuite></testsuites>